<?xml version="1.0" encoding="UTF-8"?>
<!-- Generated by org.testng.reporters.JUnitXMLReporter -->
<testsuite hostname="DESKTOP-EISIHP9" ignored="0" name="Test" tests="4" failures="0" timestamp="2020-11-27T05:23:05 IST" time="80.515" errors="0">
  <testcase name="basePageNavigation" time="0.319" classname="Academy.validateNavigationBar"/>
  <testcase name="basePageNavigation" time="22.542" classname="Academy.HomePage"/>
  <testcase name="basePageNavigation" time="16.395" classname="Academy.HomePage"/>
  <testcase name="basePageNavigation" time="0.087" classname="Academy.validateTitle"/>
</testsuite> <!-- Test -->
